[ 2016-04-15T23:03:28+08:00 ] 192.168.31.100 /WorkerMS/
INFO: [ app_init ] --START--
INFO: Run Behavior\BuildLiteBehavior [ RunTime:0.000127s ]
INFO: [ app_init ] --END-- [ RunTime:0.002270s ]
INFO: [ app_begin ] --START--
INFO: Run Behavior\ReadHtmlCacheBehavior [ RunTime:0.006156s ]
INFO: [ app_begin ] --END-- [ RunTime:0.006984s ]

[ 2016-04-15T23:03:29+08:00 ] 192.168.31.100 /WorkerMS/index.php/Home/Login/login.html
INFO: [ app_init ] --START--
INFO: Run Behavior\BuildLiteBehavior [ RunTime:0.000061s ]
INFO: [ app_init ] --END-- [ RunTime:0.001264s ]
INFO: [ app_begin ] --START--
INFO: Run Behavior\ReadHtmlCacheBehavior [ RunTime:0.004372s ]
INFO: [ app_begin ] --END-- [ RunTime:0.004864s ]
NOTIC: [8] Undefined index: member C:\Program Files (x86)\wamp\www\WorkerMS\Application\Home\Controller\LoginController.class.php 第 22 行.
INFO: [ view_parse ] --START--
INFO: [ template_filter ] --START--
INFO: Run Behavior\ContentReplaceBehavior [ RunTime:0.000304s ]
INFO: [ template_filter ] --END-- [ RunTime:0.000849s ]
INFO: Run Behavior\ParseTemplateBehavior [ RunTime:0.030322s ]
INFO: [ view_parse ] --END-- [ RunTime:0.030689s ]
INFO: [ view_filter ] --START--
INFO: Run Behavior\WriteHtmlCacheBehavior [ RunTime:0.004423s ]
INFO: [ view_filter ] --END-- [ RunTime:0.004742s ]
INFO: [ app_end ] --START--
INFO: Run Behavior\ShowPageTraceBehavior [ RunTime:0.004758s ]
INFO: [ app_end ] --END-- [ RunTime:0.005032s ]

[ 2016-04-15T23:03:33+08:00 ] 192.168.31.100 /WorkerMS/index.php/Home/Login/login.html
INFO: [ app_init ] --START--
INFO: Run Behavior\BuildLiteBehavior [ RunTime:0.000046s ]
INFO: [ app_init ] --END-- [ RunTime:0.001007s ]
INFO: [ app_begin ] --START--
INFO: Run Behavior\ReadHtmlCacheBehavior [ RunTime:0.004035s ]
INFO: [ app_begin ] --END-- [ RunTime:0.004381s ]
SQL: SHOW COLUMNS FROM `member` [ RunTime:0.0105s ]
SQL: SELECT * FROM `member`  [ RunTime:0.0012s ]
SQL: SELECT * FROM `member` WHERE `account` = 'admin' LIMIT 1   [ RunTime:0.0008s ]
INFO: [ view_parse ] --START--
INFO: [ template_filter ] --START--
INFO: Run Behavior\ContentReplaceBehavior [ RunTime:0.000148s ]
INFO: [ template_filter ] --END-- [ RunTime:0.000431s ]
INFO: Run Behavior\ParseTemplateBehavior [ RunTime:0.029664s ]
INFO: [ view_parse ] --END-- [ RunTime:0.030209s ]
INFO: [ view_filter ] --START--
INFO: Run Behavior\WriteHtmlCacheBehavior [ RunTime:0.004668s ]
INFO: [ view_filter ] --END-- [ RunTime:0.005158s ]
INFO: [ app_end ] --START--
INFO: Run Behavior\ShowPageTraceBehavior [ RunTime:0.004682s ]
INFO: [ app_end ] --END-- [ RunTime:0.005061s ]

[ 2016-04-15T23:03:34+08:00 ] 192.168.31.100 /WorkerMS/index.php/Home/Index/index.html
INFO: [ app_init ] --START--
INFO: Run Behavior\BuildLiteBehavior [ RunTime:0.000057s ]
INFO: [ app_init ] --END-- [ RunTime:0.001238s ]
INFO: [ app_begin ] --START--
INFO: Run Behavior\ReadHtmlCacheBehavior [ RunTime:0.005311s ]
INFO: [ app_begin ] --END-- [ RunTime:0.005649s ]
SQL: SHOW COLUMNS FROM `grades` [ RunTime:0.0145s ]
SQL: SELECT COUNT(*) AS tp_count FROM `grades` WHERE ( time="2016-04" ) LIMIT 1   [ RunTime:0.0013s ]
NOTIC: [8] Undefined index: p C:\Program Files (x86)\wamp\www\WorkerMS\Application\Home\Controller\IndexController.class.php 第 16 行.
NOTIC: [8] Undefined index: limit C:\Program Files (x86)\wamp\www\WorkerMS\ThinkPHP\Library\Think\Db\Driver.class.php 第 950 行.
SQL: SELECT * FROM `grades` WHERE ( time="2016-04" ) ORDER BY grade desc LIMIT 0,20   [ RunTime:0.0013s ]
SQL: SHOW COLUMNS FROM `exam_data` [ RunTime:0.0117s ]
SQL: SELECT * FROM `exam_data` WHERE ( member="999" )  [ RunTime:0.0026s ]
SQL: SELECT * FROM `exam_data` WHERE ( member="3" )  [ RunTime:0.0020s ]
SQL: SELECT * FROM `exam_data` WHERE ( member="333" )  [ RunTime:0.0019s ]
SQL: SELECT * FROM `exam_data` WHERE ( member="天一" )  [ RunTime:0.0031s ]
SQL: SELECT * FROM `exam_data` WHERE ( member="李四" )  [ RunTime:0.0032s ]
SQL: SELECT * FROM `exam_data` WHERE ( member="张三" )  [ RunTime:0.0038s ]
SQL: SELECT * FROM `exam_data` WHERE ( member="66" )  [ RunTime:0.0026s ]
SQL: SELECT * FROM `exam_data` WHERE ( member="admin" )  [ RunTime:0.0018s ]
SQL: SHOW COLUMNS FROM `department` [ RunTime:0.0115s ]
SQL: SELECT * FROM `department`  [ RunTime:0.0011s ]
INFO: [ view_parse ] --START--
INFO: [ template_filter ] --START--
INFO: Run Behavior\ContentReplaceBehavior [ RunTime:0.000414s ]
INFO: [ template_filter ] --END-- [ RunTime:0.001248s ]
INFO: Run Behavior\ParseTemplateBehavior [ RunTime:0.059721s ]
INFO: [ view_parse ] --END-- [ RunTime:0.060036s ]
INFO: [ view_filter ] --START--
INFO: Run Behavior\WriteHtmlCacheBehavior [ RunTime:0.003544s ]
INFO: [ view_filter ] --END-- [ RunTime:0.003835s ]
INFO: [ app_end ] --START--
INFO: Run Behavior\ShowPageTraceBehavior [ RunTime:0.004617s ]
INFO: [ app_end ] --END-- [ RunTime:0.004967s ]

